<?xml version="1.0" encoding="UTF-8"?>
<!-- Generated by org.testng.reporters.JUnitReportReporter -->
<testsuite hostname="DESKTOP-UAUEBQL" name="cucumberOptions.TestRunner" tests="1" failures="0" timestamp="16 Oct 2020 00:24:45 GMT" time="11.319" errors="0">
  <testcase name="feature" time="11.319" classname="cucumberOptions.TestRunner"/>
</testsuite> <!-- cucumberOptions.TestRunner -->
