<?xml version="1.0" encoding="UTF-8"?>
<!-- Generated by org.testng.reporters.JUnitReportReporter -->
<testsuite hostname="DESKTOP-UAUEBQL" name="ScoutMaven.SearchTests" tests="2" failures="0" timestamp="18 Oct 2020 11:02:04 GMT" time="43.451" errors="0">
  <testcase name="basePageNavigation" time="30.818" classname="ScoutMaven.SearchTests"/>
  <testcase name="basePageNavigation" time="12.633" classname="ScoutMaven.SearchTests"/>
</testsuite> <!-- ScoutMaven.SearchTests -->
