<?xml version="1.0" encoding="UTF-8"?>
<!-- Generated by org.testng.reporters.JUnitReportReporter -->
<testsuite hostname="DESKTOP-UAUEBQL" name="ScoutMaven.HeaderMenu" tests="1" failures="0" timestamp="18 Oct 2020 11:02:04 GMT" time="0.233" errors="0">
  <testcase name="basePageNavigation" time="0.233" classname="ScoutMaven.HeaderMenu"/>
</testsuite> <!-- ScoutMaven.HeaderMenu -->
