<?xml version="1.0" encoding="UTF-8"?>
<!-- Generated by org.testng.reporters.JUnitReportReporter -->
<testsuite hostname="DESKTOP-UAUEBQL" name="ScoutMaven.Homepage" tests="2" failures="0" timestamp="18 Oct 2020 11:02:04 GMT" time="17.040" errors="0">
  <testcase name="ultimateGuideNavigation" time="2.485" classname="ScoutMaven.Homepage"/>
  <testcase name="reviewsNavigation" time="14.555" classname="ScoutMaven.Homepage"/>
</testsuite> <!-- ScoutMaven.Homepage -->
